#
# There is insufficient memory for the Java Runtime Environment to continue.
# Native memory allocation (mmap) failed to map 49283072 bytes for Failed to commit area from 0x000000076e700000 to 0x0000000771600000 of length 49283072.
# Possible reasons:
#   The system is out of physical RAM or swap space
#   The process is running with CompressedOops enabled, and the Java Heap may be blocking the growth of the native heap
# Possible solutions:
#   Reduce memory load on the system
#   Increase physical memory or swap space
#   Check if swap backing store is full
#   Decrease Java heap size (-Xmx/-Xms)
#   Decrease number of Java threads
#   Decrease Java thread stack sizes (-Xss)
#   Set larger code cache with -XX:ReservedCodeCacheSize=
#   JVM is running with Zero Based Compressed Oops mode in which the Java heap is
#     placed in the first 32GB address space. The Java Heap base address is the
#     maximum limit for the native heap growth. Please use -XX:HeapBaseMinAddress
#     to set the Java Heap base and to place the Java Heap above 32GB virtual address.
# This output file may be truncated or incomplete.
#
#  Out of Memory Error (./src/hotspot/os/windows/os_windows.cpp:3386), pid=2072, tid=908
#
# JRE version: OpenJDK Runtime Environment Corretto-11.0.16.9.1 (11.0.16.1+9) (build 11.0.16.1+9-LTS)
# Java VM: OpenJDK 64-Bit Server VM Corretto-11.0.16.9.1 (11.0.16.1+9-LTS, mixed mode, tiered, compressed oops, g1 gc, windows-amd64)
# No core dump will be written. Minidumps are not enabled by default on client versions of Windows
#

---------------  S U M M A R Y ------------

Command Line: -agentlib:jdwp=transport=dt_socket,address=127.0.0.1:61958,suspend=y,server=n -ea -Didea.test.cyclic.buffer.size=1048576 -javaagent:C:\Users\Cecilia\AppData\Local\JetBrains\IdeaIC2022.2\captureAgent\debugger-agent.jar -Dfile.encoding=UTF-8 com.intellij.rt.junit.JUnitStarter -ideVersion5 -junit4 equipo10.integrador_v01.UsuarioServiceTest,cListarUsuarioTest

Host: AMD Phenom(tm) II X4 945 Processor, 4 cores, 9G,  Windows 10 , 64 bit Build 19041 (10.0.19041.1889)
Time: Sat Sep 10 22:21:54 2022 Hora estándar de Argentina elapsed time: 20.569224 seconds (0d 0h 0m 20s)

---------------  T H R E A D  ---------------

Current thread (0x000001547b97d800):  VMThread "VM Thread" [stack: 0x00000052dd900000,0x00000052dda00000] [id=908]

Stack: [0x00000052dd900000,0x00000052dda00000]
[error occurred during error reporting (printing stack bounds), id 0xc0000005, EXCEPTION_ACCESS_VIOLATION (0xc0000005) at pc=0x000001546458113d]

Native frames: (J=compiled Java code, j=interpreted, Vv=VM code, C=native code)
V  [jvm.dll+0x61f23a]
V  [jvm.dll+0x7ac419]
V  [jvm.dll+0x7adb08]
V  [jvm.dll+0x7ae145]
V  [jvm.dll+0x7ae0fb]
V  [jvm.dll+0x61e5c7]
V  [jvm.dll+0x61ecd8]
C  [ntdll.dll+0xa235f]
C  [ntdll.dll+0x514a4]
C  [ntdll.dll+0xa0e8e]
C  0x000001546458113d

VM_Operation (0x00000052dd3fa960): G1CollectForAllocation, mode: safepoint, requested by thread 0x000001545be31000


---------------  P R O C E S S  ---------------

Threads class SMR info:
_java_thread_list=0x000001540663dfd0, length=16, elements={
0x000001545be31000, 0x000001547c1b1800, 0x000001547c1b3800, 0x000001547c1fd800,
0x000001547c1fe800, 0x000001547c200800, 0x000001547c205800, 0x000001547c232000,
0x000001547c236800, 0x000001547b939800, 0x000001547c49b000, 0x000001547c48e800,
0x000001547c5a7000, 0x000001547f71b000, 0x000001547f71b800, 0x00000154010de800
}

Java Threads: ( => current thread )
  0x000001545be31000 JavaThread "main" [_thread_blocked, id=15120, stack(0x00000052dd300000,0x00000052dd400000)]
  0x000001547c1b1800 JavaThread "Reference Handler" daemon [_thread_blocked, id=7620, stack(0x00000052dda00000,0x00000052ddb00000)]
  0x000001547c1b3800 JavaThread "Finalizer" daemon [_thread_blocked, id=1776, stack(0x00000052ddb00000,0x00000052ddc00000)]
  0x000001547c1fd800 JavaThread "Signal Dispatcher" daemon [_thread_blocked, id=4812, stack(0x00000052ddc00000,0x00000052ddd00000)]
  0x000001547c1fe800 JavaThread "Attach Listener" daemon [_thread_blocked, id=11456, stack(0x00000052ddd00000,0x00000052dde00000)]
  0x000001547c200800 JavaThread "Service Thread" daemon [_thread_blocked, id=8408, stack(0x00000052dde00000,0x00000052ddf00000)]
  0x000001547c205800 JavaThread "C2 CompilerThread0" daemon [_thread_in_native, id=9968, stack(0x00000052ddf00000,0x00000052de000000)]
  0x000001547c232000 JavaThread "C1 CompilerThread0" daemon [_thread_blocked, id=1324, stack(0x00000052de000000,0x00000052de100000)]
  0x000001547c236800 JavaThread "Sweeper thread" daemon [_thread_blocked, id=12680, stack(0x00000052de100000,0x00000052de200000)]
  0x000001547b939800 JavaThread "Common-Cleaner" daemon [_thread_blocked, id=3048, stack(0x00000052de200000,0x00000052de300000)]
  0x000001547c49b000 JavaThread "JDWP Transport Listener: dt_socket" daemon [_thread_blocked, id=6904, stack(0x00000052de300000,0x00000052de400000)]
  0x000001547c48e800 JavaThread "JDWP Event Helper Thread" daemon [_thread_blocked, id=12304, stack(0x00000052de400000,0x00000052de500000)]
  0x000001547c5a7000 JavaThread "JDWP Command Reader" daemon [_thread_in_native, id=10632, stack(0x00000052de500000,0x00000052de600000)]
  0x000001547f71b000 JavaThread "mysql-cj-abandoned-connection-cleanup" daemon [_thread_blocked, id=7876, stack(0x00000052dea00000,0x00000052deb00000)]
  0x000001547f71b800 JavaThread "HikariPool-1 housekeeper" daemon [_thread_blocked, id=11020, stack(0x00000052dec00000,0x00000052ded00000)]
  0x00000154010de800 JavaThread "C2 CompilerThread1" daemon [_thread_in_native, id=5256, stack(0x00000052de700000,0x00000052de800000)]

Other Threads:
=>0x000001547b97d800 VMThread "VM Thread" [stack: 0x00000052dd900000,0x00000052dda00000] [id=908]
  0x000001547c4fc000 WatcherThread [stack: 0x00000052de600000,0x00000052de700000] [id=4312]
  0x000001545be49800 GCTaskThread "GC Thread#0" [stack: 0x00000052dd400000,0x00000052dd500000] [id=7192]
  0x000001547cc99800 GCTaskThread "GC Thread#1" [stack: 0x00000052de800000,0x00000052de900000] [id=5828]
  0x000001547cece000 GCTaskThread "GC Thread#2" [stack: 0x00000052de900000,0x00000052dea00000] [id=8100]
  0x000001547debc800 GCTaskThread "GC Thread#3" [stack: 0x00000052deb00000,0x00000052dec00000] [id=8416]
  0x000001545be84000 ConcurrentGCThread "G1 Main Marker" [stack: 0x00000052dd500000,0x00000052dd600000] [id=7200]
  0x000001545be88000 ConcurrentGCThread "G1 Conc#0" [stack: 0x00000052dd600000,0x00000052dd700000] [id=468]
  0x000001547b7e6800 ConcurrentGCThread "G1 Refine#0" [stack: 0x00000052dd700000,0x00000052dd800000] [id=8400]
  0x000001547b7e7000 ConcurrentGCThread "G1 Young RemSet Sampling" [stack: 0x00000052dd800000,0x00000052dd900000] [id=12440]

Threads with active compile tasks:
C2 CompilerThread0    20591 6628       4       org.springframework.util.ReflectionUtils::findMethod (109 bytes)
C2 CompilerThread1    20591 6631   !   4       org.springframework.core.annotation.AnnotationsScanner::processMethodHierarchy (276 bytes)

VM state:at safepoint (normal execution)

VM Mutex/Monitor currently owned by a thread:  ([mutex/lock_event])
[0x000001545be2bdb0] Threads_lock - owner thread: 0x000001547b97d800
[0x000001545be2cce0] Heap_lock - owner thread: 0x000001545be31000

Heap address: 0x0000000760000000, size: 2560 MB, Compressed Oops mode: Zero based, Oop shift amount: 3
Narrow klass base: 0x0000000800000000, Narrow klass shift: 0
Compressed class space size: 1073741824 Address: 0x0000000800000000

Heap:
 garbage-first heap   total 284672K, used 52437K [0x0000000760000000, 0x0000000800000000)
  region size 1024K, 5 young (5120K), 5 survivors (5120K)
 Metaspace       used 74208K, capacity 75990K, committed 76112K, reserved 1116160K
  class space    used 9241K, capacity 9964K, committed 9984K, reserved 1048576K
Heap Regions: E=young(eden), S=young(survivor), O=old, HS=humongous(starts), HC=humongous(continues), CS=collection set, F=free, A=archive, TAMS=top-at-mark-start (previous, next)
|   0|0x0000000760000000, 0x0000000760100000, 0x0000000760100000|100%|HS|  |TAMS 0x0000000760100000, 0x0000000760000000| Complete 
|   1|0x0000000760100000, 0x0000000760200000, 0x0000000760200000|100%| O|  |TAMS 0x0000000760200000, 0x0000000760100000| Untracked 
|   2|0x0000000760200000, 0x0000000760300000, 0x0000000760300000|100%| O|  |TAMS 0x0000000760300000, 0x0000000760200000| Untracked 
|   3|0x0000000760300000, 0x0000000760400000, 0x0000000760400000|100%| O|  |TAMS 0x0000000760400000, 0x0000000760300000| Untracked 
|   4|0x0000000760400000, 0x0000000760500000, 0x0000000760500000|100%| O|  |TAMS 0x0000000760500000, 0x0000000760400000| Untracked 
|   5|0x0000000760500000, 0x0000000760600000, 0x0000000760600000|100%| O|  |TAMS 0x0000000760600000, 0x0000000760500000| Untracked 
|   6|0x0000000760600000, 0x0000000760700000, 0x0000000760700000|100%| O|  |TAMS 0x0000000760700000, 0x0000000760600000| Untracked 
|   7|0x0000000760700000, 0x0000000760800000, 0x0000000760800000|100%| O|  |TAMS 0x0000000760800000, 0x0000000760700000| Untracked 
|   8|0x0000000760800000, 0x0000000760900000, 0x0000000760900000|100%| O|  |TAMS 0x0000000760900000, 0x0000000760800000| Untracked 
|   9|0x0000000760900000, 0x0000000760a00000, 0x0000000760a00000|100%| O|  |TAMS 0x0000000760a00000, 0x0000000760900000| Untracked 
|  10|0x0000000760a00000, 0x0000000760b00000, 0x0000000760b00000|100%| O|  |TAMS 0x0000000760b00000, 0x0000000760a00000| Untracked 
|  11|0x0000000760b00000, 0x0000000760c00000, 0x0000000760c00000|100%| O|  |TAMS 0x0000000760c00000, 0x0000000760b00000| Untracked 
|  12|0x0000000760c00000, 0x0000000760d00000, 0x0000000760d00000|100%| O|  |TAMS 0x0000000760d00000, 0x0000000760c00000| Untracked 
|  13|0x0000000760d00000, 0x0000000760e00000, 0x0000000760e00000|100%| O|  |TAMS 0x0000000760e00000, 0x0000000760d00000| Untracked 
|  14|0x0000000760e00000, 0x0000000760f00000, 0x0000000760f00000|100%| O|  |TAMS 0x0000000760e19400, 0x0000000760e00000| Untracked 
|  15|0x0000000760f00000, 0x0000000761000000, 0x0000000761000000|100%| O|  |TAMS 0x0000000760f00000, 0x0000000760f00000| Untracked 
|  16|0x0000000761000000, 0x0000000761100000, 0x0000000761100000|100%| O|  |TAMS 0x0000000761000000, 0x0000000761000000| Untracked 
|  17|0x0000000761100000, 0x0000000761200000, 0x0000000761200000|100%| O|  |TAMS 0x0000000761100000, 0x0000000761100000| Untracked 
|  18|0x0000000761200000, 0x0000000761300000, 0x0000000761300000|100%| O|  |TAMS 0x0000000761200000, 0x0000000761200000| Untracked 
|  19|0x0000000761300000, 0x0000000761400000, 0x0000000761400000|100%| O|  |TAMS 0x0000000761300000, 0x0000000761300000| Untracked 
|  20|0x0000000761400000, 0x0000000761400000, 0x0000000761500000|  0%| F|  |TAMS 0x0000000761400000, 0x0000000761400000| Untracked 
|  21|0x0000000761500000, 0x0000000761600000, 0x0000000761600000|100%| O|  |TAMS 0x0000000761500000, 0x0000000761500000| Untracked 
|  22|0x0000000761600000, 0x0000000761700000, 0x0000000761700000|100%| O|  |TAMS 0x0000000761600000, 0x0000000761600000| Untracked 
|  23|0x0000000761700000, 0x0000000761800000, 0x0000000761800000|100%| O|  |TAMS 0x0000000761700000, 0x0000000761700000| Untracked 
|  24|0x0000000761800000, 0x0000000761900000, 0x0000000761900000|100%| O|  |TAMS 0x0000000761800000, 0x0000000761800000| Untracked 
|  25|0x0000000761900000, 0x0000000761a00000, 0x0000000761a00000|100%| O|  |TAMS 0x0000000761900000, 0x0000000761900000| Untracked 
|  26|0x0000000761a00000, 0x0000000761b00000, 0x0000000761b00000|100%| O|  |TAMS 0x0000000761a00000, 0x0000000761a00000| Untracked 
|  27|0x0000000761b00000, 0x0000000761c00000, 0x0000000761c00000|100%| O|  |TAMS 0x0000000761b00000, 0x0000000761b00000| Untracked 
|  28|0x0000000761c00000, 0x0000000761d00000, 0x0000000761d00000|100%| O|  |TAMS 0x0000000761c00000, 0x0000000761c00000| Untracked 
|  29|0x0000000761d00000, 0x0000000761e00000, 0x0000000761e00000|100%| O|  |TAMS 0x0000000761d00000, 0x0000000761d00000| Untracked 
|  30|0x0000000761e00000, 0x0000000761f00000, 0x0000000761f00000|100%| O|  |TAMS 0x0000000761e00000, 0x0000000761e00000| Untracked 
|  31|0x0000000761f00000, 0x0000000762000000, 0x0000000762000000|100%| O|  |TAMS 0x0000000761f00000, 0x0000000761f00000| Untracked 
|  32|0x0000000762000000, 0x0000000762100000, 0x0000000762100000|100%| O|  |TAMS 0x0000000762000000, 0x0000000762000000| Untracked 
|  33|0x0000000762100000, 0x0000000762200000, 0x0000000762200000|100%| O|  |TAMS 0x0000000762100000, 0x0000000762100000| Untracked 
|  34|0x0000000762200000, 0x0000000762300000, 0x0000000762300000|100%| O|  |TAMS 0x0000000762200000, 0x0000000762200000| Untracked 
|  35|0x0000000762300000, 0x0000000762400000, 0x0000000762400000|100%| O|  |TAMS 0x0000000762300000, 0x0000000762300000| Untracked 
|  36|0x0000000762400000, 0x0000000762500000, 0x0000000762500000|100%| O|  |TAMS 0x0000000762400000, 0x0000000762400000| Untracked 
|  37|0x0000000762500000, 0x0000000762600000, 0x0000000762600000|100%| O|  |TAMS 0x0000000762500000, 0x0000000762500000| Untracked 
|  38|0x0000000762600000, 0x0000000762700000, 0x0000000762700000|100%| O|  |TAMS 0x0000000762600000, 0x0000000762600000| Untracked 
|  39|0x0000000762700000, 0x0000000762800000, 0x0000000762800000|100%| O|  |TAMS 0x0000000762700000, 0x0000000762700000| Untracked 
|  40|0x0000000762800000, 0x0000000762900000, 0x0000000762900000|100%| O|  |TAMS 0x0000000762800000, 0x0000000762800000| Untracked 
|  41|0x0000000762900000, 0x0000000762a00000, 0x0000000762a00000|100%| O|  |TAMS 0x0000000762900000, 0x0000000762900000| Untracked 
|  42|0x0000000762a00000, 0x0000000762b00000, 0x0000000762b00000|100%| O|  |TAMS 0x0000000762a00000, 0x0000000762a00000| Untracked 
|  43|0x0000000762b00000, 0x0000000762c00000, 0x0000000762c00000|100%| O|  |TAMS 0x0000000762b00000, 0x0000000762b00000| Untracked 
|  44|0x0000000762c00000, 0x0000000762d00000, 0x0000000762d00000|100%| O|  |TAMS 0x0000000762c00000, 0x0000000762c00000| Untracked 
|  45|0x0000000762d00000, 0x0000000762e00000, 0x0000000762e00000|100%| O|  |TAMS 0x0000000762d00000, 0x0000000762d00000| Untracked 
|  46|0x0000000762e00000, 0x0000000762f00000, 0x0000000762f00000|100%| O|  |TAMS 0x0000000762e00000, 0x0000000762e00000| Untracked 
|  47|0x0000000762f00000, 0x0000000762fb5600, 0x0000000763000000| 70%| O|  |TAMS 0x0000000762f00000, 0x0000000762f00000| Untracked 
|  48|0x0000000763000000, 0x0000000763000000, 0x0000000763100000|  0%| F|  |TAMS 0x0000000763000000, 0x0000000763000000| Untracked 
|  49|0x0000000763100000, 0x0000000763100000, 0x0000000763200000|  0%| F|  |TAMS 0x0000000763100000, 0x0000000763100000| Untracked 
|  50|0x0000000763200000, 0x0000000763200000, 0x0000000763300000|  0%| F|  |TAMS 0x0000000763200000, 0x0000000763200000| Untracked 
|  51|0x0000000763300000, 0x0000000763300000, 0x0000000763400000|  0%| F|  |TAMS 0x0000000763300000, 0x0000000763300000| Untracked 
|  52|0x0000000763400000, 0x0000000763400000, 0x0000000763500000|  0%| F|  |TAMS 0x0000000763400000, 0x0000000763400000| Untracked 
|  53|0x0000000763500000, 0x0000000763500000, 0x0000000763600000|  0%| F|  |TAMS 0x0000000763500000, 0x0000000763500000| Untracked 
|  54|0x0000000763600000, 0x0000000763600000, 0x0000000763700000|  0%| F|  |TAMS 0x0000000763600000, 0x0000000763600000| Untracked 
|  55|0x0000000763700000, 0x0000000763700000, 0x0000000763800000|  0%| F|  |TAMS 0x0000000763700000, 0x0000000763700000| Untracked 
|  56|0x0000000763800000, 0x0000000763800000, 0x0000000763900000|  0%| F|  |TAMS 0x0000000763800000, 0x0000000763800000| Untracked 
|  57|0x0000000763900000, 0x0000000763900000, 0x0000000763a00000|  0%| F|  |TAMS 0x0000000763900000, 0x0000000763900000| Untracked 
|  58|0x0000000763a00000, 0x0000000763a00000, 0x0000000763b00000|  0%| F|  |TAMS 0x0000000763a00000, 0x0000000763a00000| Untracked 
|  59|0x0000000763b00000, 0x0000000763b00000, 0x0000000763c00000|  0%| F|  |TAMS 0x0000000763b00000, 0x0000000763b00000| Untracked 
|  60|0x0000000763c00000, 0x0000000763c00000, 0x0000000763d00000|  0%| F|  |TAMS 0x0000000763c00000, 0x0000000763c00000| Untracked 
|  61|0x0000000763d00000, 0x0000000763d00000, 0x0000000763e00000|  0%| F|  |TAMS 0x0000000763d00000, 0x0000000763d00000| Untracked 
|  62|0x0000000763e00000, 0x0000000763e00000, 0x0000000763f00000|  0%| F|  |TAMS 0x0000000763e00000, 0x0000000763e00000| Untracked 
|  63|0x0000000763f00000, 0x0000000763f00000, 0x0000000764000000|  0%| F|  |TAMS 0x0000000763f00000, 0x0000000763f00000| Untracked 
|  64|0x0000000764000000, 0x0000000764000000, 0x0000000764100000|  0%| F|  |TAMS 0x0000000764000000, 0x0000000764000000| Untracked 
|  65|0x0000000764100000, 0x0000000764100000, 0x0000000764200000|  0%| F|  |TAMS 0x0000000764100000, 0x0000000764100000| Untracked 
|  66|0x0000000764200000, 0x0000000764200000, 0x0000000764300000|  0%| F|  |TAMS 0x0000000764200000, 0x0000000764200000| Untracked 
|  67|0x0000000764300000, 0x0000000764300000, 0x0000000764400000|  0%| F|  |TAMS 0x0000000764300000, 0x0000000764300000| Untracked 
|  68|0x0000000764400000, 0x0000000764400000, 0x0000000764500000|  0%| F|  |TAMS 0x0000000764400000, 0x0000000764400000| Untracked 
|  69|0x0000000764500000, 0x0000000764500000, 0x0000000764600000|  0%| F|  |TAMS 0x0000000764500000, 0x0000000764500000| Untracked 
|  70|0x0000000764600000, 0x0000000764600000, 0x0000000764700000|  0%| F|  |TAMS 0x0000000764600000, 0x0000000764600000| Untracked 
|  71|0x0000000764700000, 0x0000000764700000, 0x0000000764800000|  0%| F|  |TAMS 0x0000000764700000, 0x0000000764700000| Untracked 
|  72|0x0000000764800000, 0x0000000764800000, 0x0000000764900000|  0%| F|  |TAMS 0x0000000764800000, 0x0000000764800000| Untracked 
|  73|0x0000000764900000, 0x0000000764900000, 0x0000000764a00000|  0%| F|  |TAMS 0x0000000764900000, 0x0000000764900000| Untracked 
|  74|0x0000000764a00000, 0x0000000764a00000, 0x0000000764b00000|  0%| F|  |TAMS 0x0000000764a00000, 0x0000000764a00000| Untracked 
|  75|0x0000000764b00000, 0x0000000764b00000, 0x0000000764c00000|  0%| F|  |TAMS 0x0000000764b00000, 0x0000000764b00000| Untracked 
|  76|0x0000000764c00000, 0x0000000764c00000, 0x0000000764d00000|  0%| F|  |TAMS 0x0000000764c00000, 0x0000000764c00000| Untracked 
|  77|0x0000000764d00000, 0x0000000764d00000, 0x0000000764e00000|  0%| F|  |TAMS 0x0000000764d00000, 0x0000000764d00000| Untracked 
|  78|0x0000000764e00000, 0x0000000764e00000, 0x0000000764f00000|  0%| F|  |TAMS 0x0000000764e00000, 0x0000000764e00000| Untracked 
|  79|0x0000000764f00000, 0x0000000764f00000, 0x0000000765000000|  0%| F|  |TAMS 0x0000000764f00000, 0x0000000764f00000| Untracked 
|  80|0x0000000765000000, 0x0000000765000000, 0x0000000765100000|  0%| F|  |TAMS 0x0000000765000000, 0x0000000765000000| Untracked 
|  81|0x0000000765100000, 0x0000000765100000, 0x0000000765200000|  0%| F|  |TAMS 0x0000000765100000, 0x0000000765100000| Untracked 
|  82|0x0000000765200000, 0x0000000765200000, 0x0000000765300000|  0%| F|  |TAMS 0x0000000765200000, 0x0000000765200000| Untracked 
|  83|0x0000000765300000, 0x0000000765300000, 0x0000000765400000|  0%| F|  |TAMS 0x0000000765300000, 0x0000000765300000| Untracked 
|  84|0x0000000765400000, 0x0000000765400000, 0x0000000765500000|  0%| F|  |TAMS 0x0000000765400000, 0x0000000765400000| Untracked 
|  85|0x0000000765500000, 0x0000000765500000, 0x0000000765600000|  0%| F|  |TAMS 0x0000000765500000, 0x0000000765500000| Untracked 
|  86|0x0000000765600000, 0x0000000765600000, 0x0000000765700000|  0%| F|  |TAMS 0x0000000765600000, 0x0000000765600000| Untracked 
|  87|0x0000000765700000, 0x0000000765700000, 0x0000000765800000|  0%| F|  |TAMS 0x0000000765700000, 0x0000000765700000| Untracked 
|  88|0x0000000765800000, 0x0000000765800000, 0x0000000765900000|  0%| F|  |TAMS 0x0000000765800000, 0x0000000765800000| Untracked 
|  89|0x0000000765900000, 0x0000000765900000, 0x0000000765a00000|  0%| F|  |TAMS 0x0000000765900000, 0x0000000765900000| Untracked 
|  90|0x0000000765a00000, 0x0000000765a00000, 0x0000000765b00000|  0%| F|  |TAMS 0x0000000765a00000, 0x0000000765a00000| Untracked 
|  91|0x0000000765b00000, 0x0000000765b00000, 0x0000000765c00000|  0%| F|  |TAMS 0x0000000765b00000, 0x0000000765b00000| Untracked 
|  92|0x0000000765c00000, 0x0000000765c00000, 0x0000000765d00000|  0%| F|  |TAMS 0x0000000765c00000, 0x0000000765c00000| Untracked 
|  93|0x0000000765d00000, 0x0000000765d00000, 0x0000000765e00000|  0%| F|  |TAMS 0x0000000765d00000, 0x0000000765d00000| Untracked 
|  94|0x0000000765e00000, 0x0000000765e00000, 0x0000000765f00000|  0%| F|  |TAMS 0x0000000765e00000, 0x0000000765e00000| Untracked 
|  95|0x0000000765f00000, 0x0000000765f00000, 0x0000000766000000|  0%| F|  |TAMS 0x0000000765f00000, 0x0000000765f00000| Untracked 
|  96|0x0000000766000000, 0x0000000766000000, 0x0000000766100000|  0%| F|  |TAMS 0x0000000766000000, 0x0000000766000000| Untracked 
|  97|0x0000000766100000, 0x0000000766100000, 0x0000000766200000|  0%| F|  |TAMS 0x0000000766100000, 0x0000000766100000| Untracked 
|  98|0x0000000766200000, 0x0000000766200000, 0x0000000766300000|  0%| F|  |TAMS 0x0000000766200000, 0x0000000766200000| Untracked 
|  99|0x0000000766300000, 0x0000000766300000, 0x0000000766400000|  0%| F|  |TAMS 0x0000000766300000, 0x0000000766300000| Untracked 
| 100|0x0000000766400000, 0x0000000766400000, 0x0000000766500000|  0%| F|  |TAMS 0x0000000766400000, 0x0000000766400000| Untracked 
| 101|0x0000000766500000, 0x0000000766500000, 0x0000000766600000|  0%| F|  |TAMS 0x0000000766500000, 0x0000000766500000| Untracked 
| 102|0x0000000766600000, 0x0000000766600000, 0x0000000766700000|  0%| F|  |TAMS 0x0000000766600000, 0x0000000766600000| Untracked 
| 103|0x0000000766700000, 0x0000000766700000, 0x0000000766800000|  0%| F|  |TAMS 0x0000000766700000, 0x0000000766700000| Untracked 
| 104|0x0000000766800000, 0x0000000766800000, 0x0000000766900000|  0%| F|  |TAMS 0x0000000766800000, 0x0000000766800000| Untracked 
| 105|0x0000000766900000, 0x0000000766900000, 0x0000000766a00000|  0%| F|  |TAMS 0x0000000766900000, 0x0000000766900000| Untracked 
| 106|0x0000000766a00000, 0x0000000766a80000, 0x0000000766b00000| 50%| S|CS|TAMS 0x0000000766a00000, 0x0000000766a00000| Complete 
| 107|0x0000000766b00000, 0x0000000766c00000, 0x0000000766c00000|100%| S|CS|TAMS 0x0000000766b00000, 0x0000000766b00000| Complete 
| 108|0x0000000766c00000, 0x0000000766d00000, 0x0000000766d00000|100%| S|CS|TAMS 0x0000000766c00000, 0x0000000766c00000| Complete 
| 109|0x0000000766d00000, 0x0000000766e00000, 0x0000000766e00000|100%| S|CS|TAMS 0x0000000766d00000, 0x0000000766d00000| Complete 
| 110|0x0000000766e00000, 0x0000000766f00000, 0x0000000766f00000|100%| S|CS|TAMS 0x0000000766e00000, 0x0000000766e00000| Complete 
| 111|0x0000000766f00000, 0x0000000766f00000, 0x0000000767000000|  0%| F|  |TAMS 0x0000000766f00000, 0x0000000766f00000| Untracked 
| 112|0x0000000767000000, 0x0000000767000000, 0x0000000767100000|  0%| F|  |TAMS 0x0000000767000000, 0x0000000767000000| Untracked 
| 113|0x0000000767100000, 0x0000000767100000, 0x0000000767200000|  0%| F|  |TAMS 0x0000000767100000, 0x0000000767100000| Untracked 
| 114|0x0000000767200000, 0x0000000767200000, 0x0000000767300000|  0%| F|  |TAMS 0x0000000767200000, 0x0000000767200000| Untracked 
| 115|0x0000000767300000, 0x0000000767300000, 0x0000000767400000|  0%| F|  |TAMS 0x0000000767300000, 0x0000000767300000| Untracked 
| 116|0x0000000767400000, 0x0000000767400000, 0x0000000767500000|  0%| F|  |TAMS 0x0000000767400000, 0x0000000767400000| Untracked 
| 117|0x0000000767500000, 0x0000000767500000, 0x0000000767600000|  0%| F|  |TAMS 0x0000000767500000, 0x0000000767500000| Untracked 
| 118|0x0000000767600000, 0x0000000767600000, 0x0000000767700000|  0%| F|  |TAMS 0x0000000767600000, 0x0000000767600000| Untracked 
| 119|0x0000000767700000, 0x0000000767700000, 0x0000000767800000|  0%| F|  |TAMS 0x0000000767700000, 0x0000000767700000| Untracked 
| 120|0x0000000767800000, 0x0000000767800000, 0x0000000767900000|  0%| F|  |TAMS 0x0000000767800000, 0x0000000767800000| Untracked 
| 121|0x0000000767900000, 0x0000000767900000, 0x0000000767a00000|  0%| F|  |TAMS 0x0000000767900000, 0x0000000767900000| Untracked 
| 122|0x0000000767a00000, 0x0000000767a00000, 0x0000000767b00000|  0%| F|  |TAMS 0x0000000767a00000, 0x0000000767a00000| Untracked 
| 123|0x0000000767b00000, 0x0000000767b00000, 0x0000000767c00000|  0%| F|  |TAMS 0x0000000767b00000, 0x0000000767b00000| Untracked 
| 124|0x0000000767c00000, 0x0000000767c00000, 0x0000000767d00000|  0%| F|  |TAMS 0x0000000767c00000, 0x0000000767c00000| Untracked 
| 125|0x0000000767d00000, 0x0000000767d00000, 0x0000000767e00000|  0%| F|  |TAMS 0x0000000767d00000, 0x0000000767d00000| Untracked 
| 126|0x0000000767e00000, 0x0000000767e00000, 0x0000000767f00000|  0%| F|  |TAMS 0x0000000767e00000, 0x0000000767e00000| Untracked 
| 127|0x0000000767f00000, 0x0000000767f00000, 0x0000000768000000|  0%| F|  |TAMS 0x0000000767f00000, 0x0000000767f00000| Untracked 
| 128|0x0000000768000000, 0x0000000768000000, 0x0000000768100000|  0%| F|  |TAMS 0x0000000768000000, 0x0000000768000000| Untracked 
| 129|0x0000000768100000, 0x0000000768100000, 0x0000000768200000|  0%| F|  |TAMS 0x0000000768100000, 0x0000000768100000| Untracked 
| 130|0x0000000768200000, 0x0000000768200000, 0x0000000768300000|  0%| F|  |TAMS 0x0000000768200000, 0x0000000768200000| Untracked 
| 131|0x0000000768300000, 0x0000000768300000, 0x0000000768400000|  0%| F|  |TAMS 0x0000000768300000, 0x0000000768300000| Untracked 
| 132|0x0000000768400000, 0x0000000768400000, 0x0000000768500000|  0%| F|  |TAMS 0x0000000768400000, 0x0000000768400000| Untracked 
| 133|0x0000000768500000, 0x0000000768500000, 0x0000000768600000|  0%| F|  |TAMS 0x0000000768500000, 0x0000000768500000| Untracked 
| 134|0x0000000768600000, 0x0000000768600000, 0x0000000768700000|  0%| F|  |TAMS 0x0000000768600000, 0x0000000768600000| Untracked 
| 135|0x0000000768700000, 0x0000000768700000, 0x0000000768800000|  0%| F|  |TAMS 0x0000000768700000, 0x0000000768700000| Untracked 
| 136|0x0000000768800000, 0x0000000768800000, 0x0000000768900000|  0%| F|  |TAMS 0x0000000768800000, 0x0000000768800000| Untracked 
| 137|0x0000000768900000, 0x0000000768900000, 0x0000000768a00000|  0%| F|  |TAMS 0x0000000768900000, 0x0000000768900000| Untracked 
| 138|0x0000000768a00000, 0x0000000768a00000, 0x0000000768b00000|  0%| F|  |TAMS 0x0000000768a00000, 0x0000000768a00000| Untracked 
| 139|0x0000000768b00000, 0x0000000768b00000, 0x0000000768c00000|  0%| F|  |TAMS 0x0000000768b00000, 0x0000000768b00000| Untracked 
| 140|0x0000000768c00000, 0x0000000768c00000, 0x0000000768d00000|  0%| F|  |TAMS 0x0000000768c00000, 0x0000000768c00000| Untracked 
| 141|0x0000000768d00000, 0x0000000768d00000, 0x0000000768e00000|  0%| F|  |TAMS 0x0000000768d00000, 0x0000000768d00000| Untracked 
| 142|0x0000000768e00000, 0x0000000768e00000, 0x0000000768f00000|  0%| F|  |TAMS 0x0000000768e00000, 0x0000000768e00000| Untracked 
| 143|0x0000000768f00000, 0x0000000768f00000, 0x0000000769000000|  0%| F|  |TAMS 0x0000000768f00000, 0x0000000768f00000| Untracked 
| 144|0x0000000769000000, 0x0000000769000000, 0x0000000769100000|  0%| F|  |TAMS 0x0000000769000000, 0x0000000769000000| Untracked 
| 145|0x0000000769100000, 0x0000000769100000, 0x0000000769200000|  0%| F|  |TAMS 0x0000000769100000, 0x0000000769100000| Untracked 
| 146|0x0000000769200000, 0x0000000769200000, 0x0000000769300000|  0%| F|  |TAMS 0x0000000769200000, 0x0000000769200000| Untracked 
| 147|0x0000000769300000, 0x0000000769300000, 0x0000000769400000|  0%| F|  |TAMS 0x0000000769300000, 0x0000000769300000| Untracked 
| 148|0x0000000769400000, 0x0000000769400000, 0x0000000769500000|  0%| F|  |TAMS 0x0000000769400000, 0x0000000769400000| Untracked 
| 149|0x0000000769500000, 0x0000000769500000, 0x0000000769600000|  0%| F|  |TAMS 0x0000000769500000, 0x0000000769500000| Untracked 
| 150|0x0000000769600000, 0x0000000769600000, 0x0000000769700000|  0%| F|  |TAMS 0x0000000769600000, 0x0000000769600000| Untracked 
| 151|0x0000000769700000, 0x0000000769700000, 0x0000000769800000|  0%| F|  |TAMS 0x0000000769700000, 0x0000000769700000| Untracked 
| 152|0x0000000769800000, 0x0000000769800000, 0x0000000769900000|  0%| F|  |TAMS 0x0000000769800000, 0x0000000769800000| Untracked 
| 153|0x0000000769900000, 0x0000000769900000, 0x0000000769a00000|  0%| F|  |TAMS 0x0000000769900000, 0x0000000769900000| Untracked 
| 154|0x0000000769a00000, 0x0000000769a00000, 0x0000000769b00000|  0%| F|  |TAMS 0x0000000769a00000, 0x0000000769a00000| Untracked 
| 155|0x0000000769b00000, 0x0000000769b00000, 0x0000000769c00000|  0%| F|  |TAMS 0x0000000769b00000, 0x0000000769b00000| Untracked 
| 156|0x0000000769c00000, 0x0000000769c00000, 0x0000000769d00000|  0%| F|  |TAMS 0x0000000769c00000, 0x0000000769c00000| Untracked 
| 157|0x0000000769d00000, 0x0000000769d00000, 0x0000000769e00000|  0%| F|  |TAMS 0x0000000769d00000, 0x0000000769d00000| Untracked 
| 158|0x0000000769e00000, 0x0000000769e00000, 0x0000000769f00000|  0%| F|  |TAMS 0x0000000769e00000, 0x0000000769e00000| Untracked 
| 159|0x0000000769f00000, 0x0000000769f00000, 0x000000076a000000|  0%| F|  |TAMS 0x0000000769f00000, 0x0000000769f00000| Untracked 
| 160|0x000000076a000000, 0x000000076a000000, 0x000000076a100000|  0%| F|  |TAMS 0x000000076a000000, 0x000000076a000000| Untracked 
| 161|0x000000076a100000, 0x000000076a100000, 0x000000076a200000|  0%| F|  |TAMS 0x000000076a100000, 0x000000076a100000| Untracked 
| 162|0x000000076a200000, 0x000000076a200000, 0x000000076a300000|  0%| F|  |TAMS 0x000000076a200000, 0x000000076a200000| Untracked 
| 163|0x000000076a300000, 0x000000076a300000, 0x000000076a400000|  0%| F|  |TAMS 0x000000076a300000, 0x000000076a300000| Untracked 
| 164|0x000000076a400000, 0x000000076a400000, 0x000000076a500000|  0%| F|  |TAMS 0x000000076a400000, 0x000000076a400000| Untracked 
| 165|0x000000076a500000, 0x000000076a500000, 0x000000076a600000|  0%| F|  |TAMS 0x000000076a500000, 0x000000076a500000| Untracked 
| 166|0x000000076a600000, 0x000000076a600000, 0x000000076a700000|  0%| F|  |TAMS 0x000000076a600000, 0x000000076a600000| Untracked 
| 167|0x000000076a700000, 0x000000076a700000, 0x000000076a800000|  0%| F|  |TAMS 0x000000076a700000, 0x000000076a700000| Untracked 
| 168|0x000000076a800000, 0x000000076a800000, 0x000000076a900000|  0%| F|  |TAMS 0x000000076a800000, 0x000000076a800000| Untracked 
| 169|0x000000076a900000, 0x000000076a900000, 0x000000076aa00000|  0%| F|  |TAMS 0x000000076a900000, 0x000000076a900000| Untracked 
| 170|0x000000076aa00000, 0x000000076aa00000, 0x000000076ab00000|  0%| F|  |TAMS 0x000000076aa00000, 0x000000076aa00000| Untracked 
| 171|0x000000076ab00000, 0x000000076ab00000, 0x000000076ac00000|  0%| F|  |TAMS 0x000000076ab00000, 0x000000076ab00000| Untracked 
| 172|0x000000076ac00000, 0x000000076ac00000, 0x000000076ad00000|  0%| F|  |TAMS 0x000000076ac00000, 0x000000076ac00000| Untracked 
| 173|0x000000076ad00000, 0x000000076ad00000, 0x000000076ae00000|  0%| F|  |TAMS 0x000000076ad00000, 0x000000076ad00000| Untracked 
| 174|0x000000076ae00000, 0x000000076ae00000, 0x000000076af00000|  0%| F|  |TAMS 0x000000076ae00000, 0x000000076ae00000| Untracked 
| 175|0x000000076af00000, 0x000000076af00000, 0x000000076b000000|  0%| F|  |TAMS 0x000000076af00000, 0x000000076af00000| Untracked 
| 176|0x000000076b000000, 0x000000076b000000, 0x000000076b100000|  0%| F|  |TAMS 0x000000076b000000, 0x000000076b000000| Untracked 
| 177|0x000000076b100000, 0x000000076b100000, 0x000000076b200000|  0%| F|  |TAMS 0x000000076b100000, 0x000000076b100000| Untracked 
| 178|0x000000076b200000, 0x000000076b200000, 0x000000076b300000|  0%| F|  |TAMS 0x000000076b200000, 0x000000076b200000| Untracked 
| 179|0x000000076b300000, 0x000000076b300000, 0x000000076b400000|  0%| F|  |TAMS 0x000000076b300000, 0x000000076b300000| Untracked 
| 180|0x000000076b400000, 0x000000076b400000, 0x000000076b500000|  0%| F|  |TAMS 0x000000076b400000, 0x000000076b400000| Untracked 
| 181|0x000000076b500000, 0x000000076b500000, 0x000000076b600000|  0%| F|  |TAMS 0x000000076b500000, 0x000000076b500000| Untracked 
| 182|0x000000076b600000, 0x000000076b600000, 0x000000076b700000|  0%| F|  |TAMS 0x000000076b600000, 0x000000076b600000| Untracked 
| 183|0x000000076b700000, 0x000000076b700000, 0x000000076b800000|  0%| F|  |TAMS 0x000000076b700000, 0x000000076b700000| Untracked 
| 184|0x000000076b800000, 0x000000076b800000, 0x000000076b900000|  0%| F|  |TAMS 0x000000076b800000, 0x000000076b800000| Untracked 
| 185|0x000000076b900000, 0x000000076b900000, 0x000000076ba00000|  0%| F|  |TAMS 0x000000076b900000, 0x000000076b900000| Untracked 
| 186|0x000000076ba00000, 0x000000076ba00000, 0x000000076bb00000|  0%| F|  |TAMS 0x000000076ba00000, 0x000000076ba00000| Untracked 
| 187|0x000000076bb00000, 0x000000076bb00000, 0x000000076bc00000|  0%| F|  |TAMS 0x000000076bb00000, 0x000000076bb00000| Untracked 
| 188|0x000000076bc00000, 0x000000076bc00000, 0x000000076bd00000|  0%| F|  |TAMS 0x000000076bc00000, 0x000000076bc00000| Untracked 
| 189|0x000000076bd00000, 0x000000076bd00000, 0x000000076be00000|  0%| F|  |TAMS 0x000000076bd00000, 0x000000076bd00000| Untracked 
| 190|0x000000076be00000, 0x000000076be00000, 0x000000076bf00000|  0%| F|  |TAMS 0x000000076be00000, 0x000000076be00000| Untracked 
| 191|0x000000076bf00000, 0x000000076bf00000, 0x000000076c000000|  0%| F|  |TAMS 0x000000076bf00000, 0x000000076bf00000| Untracked 
| 192|0x000000076c000000, 0x000000076c000000, 0x000000076c100000|  0%| F|  |TAMS 0x000000076c000000, 0x000000076c000000| Untracked 
| 193|0x000000076c100000, 0x000000076c100000, 0x000000076c200000|  0%| F|  |TAMS 0x000000076c100000, 0x000000076c100000| Untracked 
| 194|0x000000076c200000, 0x000000076c200000, 0x000000076c300000|  0%| F|  |TAMS 0x000000076c200000, 0x000000076c200000| Untracked 
| 195|0x000000076c300000, 0x000000076c300000, 0x000000076c400000|  0%| F|  |TAMS 0x000000076c300000, 0x000000076c300000| Untracked 
| 196|0x000000076c400000, 0x000000076c400000, 0x000000076c500000|  0%| F|  |TAMS 0x000000076c400000, 0x000000076c400000| Untracked 
| 197|0x000000076c500000, 0x000000076c500000, 0x000000076c600000|  0%| F|  |TAMS 0x000000076c500000, 0x000000076c500000| Untracked 
| 198|0x000000076c600000, 0x000000076c600000, 0x000000076c700000|  0%| F|  |TAMS 0x000000076c600000, 0x000000076c600000| Untracked 
| 199|0x000000076c700000, 0x000000076c700000, 0x000000076c800000|  0%| F|  |TAMS 0x000000076c700000, 0x000000076c700000| Untracked 
| 200|0x000000076c800000, 0x000000076c800000, 0x000000076c900000|  0%| F|  |TAMS 0x000000076c800000, 0x000000076c800000| Untracked 
| 201|0x000000076c900000, 0x000000076c900000, 0x000000076ca00000|  0%| F|  |TAMS 0x000000076c900000, 0x000000076c900000| Untracked 
| 202|0x000000076ca00000, 0x000000076ca00000, 0x000000076cb00000|  0%| F|  |TAMS 0x000000076ca00000, 0x000000076ca00000| Untracked 
| 203|0x000000076cb00000, 0x000000076cb00000, 0x000000076cc00000|  0%| F|  |TAMS 0x000000076cb00000, 0x000000076cb00000| Untracked 
| 204|0x000000076cc00000, 0x000000076cc00000, 0x000000076cd00000|  0%| F|  |TAMS 0x000000076cc00000, 0x000000076cc00000| Untracked 
| 205|0x000000076cd00000, 0x000000076cd00000, 0x000000076ce00000|  0%| F|  |TAMS 0x000000076cd00000, 0x000000076cd00000| Untracked 
| 206|0x000000076ce00000, 0x000000076ce00000, 0x000000076cf00000|  0%| F|  |TAMS 0x000000076ce00000, 0x000000076ce00000| Untracked 
| 207|0x000000076cf00000, 0x000000076cf00000, 0x000000076d000000|  0%| F|  |TAMS 0x000000076cf00000, 0x000000076cf00000| Untracked 
| 208|0x000000076d000000, 0x000000076d000000, 0x000000076d100000|  0%| F|  |TAMS 0x000000076d000000, 0x000000076d000000| Untracked 
| 209|0x000000076d100000, 0x000000076d100000, 0x000000076d200000|  0%| F|  |TAMS 0x000000076d100000, 0x000000076d100000| Untracked 
| 210|0x000000076d200000, 0x000000076d200000, 0x000000076d300000|  0%| F|  |TAMS 0x000000076d200000, 0x000000076d200000| Untracked 
| 211|0x000000076d300000, 0x000000076d300000, 0x000000076d400000|  0%| F|  |TAMS 0x000000076d300000, 0x000000076d300000| Untracked 
| 212|0x000000076d400000, 0x000000076d400000, 0x000000076d500000|  0%| F|  |TAMS 0x000000076d400000, 0x000000076d400000| Untracked 
| 213|0x000000076d500000, 0x000000076d500000, 0x000000076d600000|  0%| F|  |TAMS 0x000000076d500000, 0x000000076d500000| Untracked 
| 214|0x000000076d600000, 0x000000076d600000, 0x000000076d700000|  0%| F|  |TAMS 0x000000076d600000, 0x000000076d600000| Untracked 
| 215|0x000000076d700000, 0x000000076d700000, 0x000000076d800000|  0%| F|  |TAMS 0x000000076d700000, 0x000000076d700000| Untracked 
| 216|0x000000076d800000, 0x000000076d800000, 0x000000076d900000|  0%| F|  |TAMS 0x000000076d800000, 0x000000076d800000| Untracked 
| 217|0x000000076d900000, 0x000000076d900000, 0x000000076da00000|  0%| F|  |TAMS 0x000000076d900000, 0x000000076d900000| Untracked 
| 218|0x000000076da00000, 0x000000076da00000, 0x000000076db00000|  0%| F|  |TAMS 0x000000076da00000, 0x000000076da00000| Untracked 
| 219|0x000000076db00000, 0x000000076db00000, 0x000000076dc00000|  0%| F|  |TAMS 0x000000076db00000, 0x000000076db00000| Untracked 
| 220|0x000000076dc00000, 0x000000076dc00000, 0x000000076dd00000|  0%| F|  |TAMS 0x000000076dc00000, 0x000000076dc00000| Untracked 
| 221|0x000000076dd00000, 0x000000076dd00000, 0x000000076de00000|  0%| F|  |TAMS 0x000000076dd00000, 0x000000076dd00000| Untracked 
| 222|0x000000076de00000, 0x000000076de00000, 0x000000076df00000|  0%| F|  |TAMS 0x000000076de00000, 0x000000076de00000| Untracked 
| 223|0x000000076df00000, 0x000000076df00000, 0x000000076e000000|  0%| F|  |TAMS 0x000000076df00000, 0x000000076df00000| Untracked 
| 224|0x000000076e000000, 0x000000076e000000, 0x000000076e100000|  0%| F|  |TAMS 0x000000076e000000, 0x000000076e000000| Untracked 
| 225|0x000000076e100000, 0x000000076e100000, 0x000000076e200000|  0%| F|  |TAMS 0x000000076e100000, 0x000000076e100000| Untracked 
| 226|0x000000076e200000, 0x000000076e200000, 0x000000076e300000|  0%| F|  |TAMS 0x000000076e200000, 0x000000076e200000| Untracked 
| 227|0x000000076e300000, 0x000000076e300000, 0x000000076e400000|  0%| F|  |TAMS 0x000000076e300000, 0x000000076e300000| Untracked 
| 228|0x000000076e400000, 0x000000076e400000, 0x000000076e500000|  0%| F|  |TAMS 0x000000076e400000, 0x000000076e400000| Untracked 
| 229|0x000000076e500000, 0x000000076e500000, 0x000000076e600000|  0%| F|  |TAMS 0x000000076e500000, 0x000000076e500000| Untracked 
| 230|0x000000076e600000, 0x000000076e600000, 0x000000076e700000|  0%| F|  |TAMS 0x000000076e600000, 0x000000076e600000| Untracked 

Card table byte_map: [0x0000015473a80000,0x0000015473f80000] _byte_map_base: 0x000001546ff80000

Marking Bits (Prev, Next): (CMBitMap*) 0x000001545be79100, (CMBitMap*) 0x000001545be790c8
 Prev Bits: [0x0000015476c80000, 0x0000015479480000)
 Next Bits: [0x0000015474480000, 0x0000015476c80000)

Polling page: 0x0000015459d00000

Metaspace:

Usage:
  Non-class:     64.48 MB capacity,    63.44 MB ( 98%) used,   821.72 KB (  1%) free+waste,   237.50 KB ( <1%) overhead. 
      Class:      9.73 MB capacity,     9.02 MB ( 93%) used,   614.80 KB (  6%) free+waste,   107.81 KB (  1%) overhead. 
       Both:     74.21 MB capacity,    72.47 MB ( 98%) used,     1.40 MB (  2%) free+waste,   345.31 KB ( <1%) overhead. 

Virtual space:
  Non-class space:       66.00 MB reserved,      64.58 MB ( 98%) committed 
      Class space:        1.00 GB reserved,       9.75 MB ( <1%) committed 
             Both:        1.06 GB reserved,      74.33 MB (  7%) committed 

Chunk freelists:
   Non-Class:  38.00 KB
       Class:  20.00 KB
        Both:  58.00 KB

MaxMetaspaceSize: 17179869184.00 GB
CompressedClassSpaceSize: 1.00 GB
Initial GC threshold: 20.80 MB
Current GC threshold: 98.46 MB
CDS: off

CodeHeap 'non-profiled nmethods': size=120064Kb used=4515Kb max_used=4515Kb free=115548Kb
 bounds [0x000001546c040000, 0x000001546c4b0000, 0x0000015473580000]
CodeHeap 'profiled nmethods': size=120000Kb used=16701Kb max_used=16701Kb free=103298Kb
 bounds [0x0000015464b10000, 0x0000015465b60000, 0x000001546c040000]
CodeHeap 'non-nmethods': size=5696Kb used=1392Kb max_used=1458Kb free=4303Kb
 bounds [0x0000015464580000, 0x00000154647f0000, 0x0000015464b10000]
 total_blobs=7347 nmethods=6735 adapters=532
 compilation: enabled
              stopped_count=0, restarted_count=0
 full_count=0

Compilation events (20 events):
Event: 20.492 Thread 0x000001547c232000 6830       2       org.springframework.beans.support.ResourceEditorRegistrar::registerCustomEditors (221 bytes)
Event: 20.496 Thread 0x000001547c232000 nmethod 6830 0x0000015465b57790 code [0x0000015465b57cc0, 0x0000015465b5ab78]
Event: 20.497 Thread 0x000001547c232000 6831       2       org.springframework.beans.propertyeditors.InputStreamEditor::<init> (16 bytes)
Event: 20.497 Thread 0x000001547c232000 nmethod 6831 0x0000015465b5bc10 code [0x0000015465b5bde0, 0x0000015465b5c088]
Event: 20.497 Thread 0x000001547c232000 6832       2       org.springframework.beans.propertyeditors.InputSourceEditor::<init> (16 bytes)
Event: 20.498 Thread 0x000001547c232000 nmethod 6832 0x0000015465b5c190 code [0x0000015465b5c360, 0x0000015465b5c608]
Event: 20.498 Thread 0x000001547c232000 6833       2       org.springframework.beans.propertyeditors.FileEditor::<init> (16 bytes)
Event: 20.498 Thread 0x000001547c232000 nmethod 6833 0x0000015465b5c710 code [0x0000015465b5c8e0, 0x0000015465b5cb88]
Event: 20.498 Thread 0x000001547c232000 6834       2       org.springframework.beans.propertyeditors.PathEditor::<init> (16 bytes)
Event: 20.498 Thread 0x000001547c232000 nmethod 6834 0x0000015465b5cc90 code [0x0000015465b5ce60, 0x0000015465b5d108]
Event: 20.498 Thread 0x000001547c232000 6835       2       org.springframework.beans.propertyeditors.ReaderEditor::<init> (16 bytes)
Event: 20.498 Thread 0x000001547c232000 nmethod 6835 0x0000015465b5d210 code [0x0000015465b5d3e0, 0x0000015465b5d688]
Event: 20.498 Thread 0x000001547c232000 6836       2       org.springframework.beans.propertyeditors.URLEditor::<init> (16 bytes)
Event: 20.498 Thread 0x000001547c232000 nmethod 6836 0x0000015465b5d790 code [0x0000015465b5d960, 0x0000015465b5dc08]
Event: 20.499 Thread 0x000001547c232000 6837       2       org.springframework.beans.factory.support.DefaultListableBeanFactory::resolveDependency (116 bytes)
Event: 20.500 Thread 0x000001547c232000 nmethod 6837 0x0000015465b5dd10 code [0x0000015465b5df60, 0x0000015465b5e4d8]
Event: 20.500 Thread 0x000001547c232000 6839       2       org.springframework.util.ClassUtils::isAssignable (84 bytes)
Event: 20.501 Thread 0x000001547c232000 nmethod 6839 0x0000015465b5e790 code [0x0000015465b5e9c0, 0x0000015465b5ee18]
Event: 20.501 Thread 0x000001547c232000 6838       2       org.springframework.beans.factory.config.DependencyDescriptor::initParameterNameDiscovery (16 bytes)
Event: 20.501 Thread 0x000001547c232000 nmethod 6838 0x0000015465b5f090 code [0x0000015465b5f240, 0x0000015465b5f3b8]

GC Heap History (20 events):
Event: 3.368 GC heap after
{Heap after GC invocations=4 (full 0):
 garbage-first heap   total 163840K, used 11085K [0x0000000760000000, 0x0000000800000000)
  region size 1024K, 3 young (3072K), 3 survivors (3072K)
 Metaspace       used 20655K, capacity 21209K, committed 21296K, reserved 1069056K
  class space    used 2216K, capacity 2430K, committed 2432K, reserved 1048576K
}
Event: 4.134 GC heap before
{Heap before GC invocations=5 (full 0):
 garbage-first heap   total 163840K, used 52045K [0x0000000760000000, 0x0000000800000000)
  region size 1024K, 44 young (45056K), 3 survivors (3072K)
 Metaspace       used 25665K, capacity 26297K, committed 26416K, reserved 1073152K
  class space    used 2952K, capacity 3182K, committed 3200K, reserved 1048576K
}
Event: 4.143 GC heap after
{Heap after GC invocations=6 (full 0):
 garbage-first heap   total 163840K, used 12595K [0x0000000760000000, 0x0000000800000000)
  region size 1024K, 4 young (4096K), 4 survivors (4096K)
 Metaspace       used 25665K, capacity 26297K, committed 26416K, reserved 1073152K
  class space    used 2952K, capacity 3182K, committed 3200K, reserved 1048576K
}
Event: 5.665 GC heap before
{Heap before GC invocations=6 (full 0):
 garbage-first heap   total 163840K, used 92467K [0x0000000760000000, 0x0000000800000000)
  region size 1024K, 82 young (83968K), 4 survivors (4096K)
 Metaspace       used 33089K, capacity 33871K, committed 34096K, reserved 1079296K
  class space    used 3816K, capacity 4105K, committed 4224K, reserved 1048576K
}
Event: 5.683 GC heap after
{Heap after GC invocations=7 (full 0):
 garbage-first heap   total 196608K, used 15170K [0x0000000760000000, 0x0000000800000000)
  region size 1024K, 7 young (7168K), 7 survivors (7168K)
 Metaspace       used 33089K, capacity 33871K, committed 34096K, reserved 1079296K
  class space    used 3816K, capacity 4105K, committed 4224K, reserved 1048576K
}
Event: 6.676 GC heap before
{Heap before GC invocations=7 (full 0):
 garbage-first heap   total 196608K, used 38722K [0x0000000760000000, 0x0000000800000000)
  region size 1024K, 31 young (31744K), 7 survivors (7168K)
 Metaspace       used 34929K, capacity 35800K, committed 35888K, reserved 1081344K
  class space    used 4069K, capacity 4426K, committed 4480K, reserved 1048576K
}
Event: 6.697 GC heap after
{Heap after GC invocations=8 (full 0):
 garbage-first heap   total 196608K, used 16296K [0x0000000760000000, 0x0000000800000000)
  region size 1024K, 8 young (8192K), 8 survivors (8192K)
 Metaspace       used 34929K, capacity 35800K, committed 35888K, reserved 1081344K
  class space    used 4069K, capacity 4426K, committed 4480K, reserved 1048576K
}
Event: 9.426 GC heap before
{Heap before GC invocations=9 (full 0):
 garbage-first heap   total 196608K, used 111528K [0x0000000760000000, 0x0000000800000000)
  region size 1024K, 101 young (103424K), 8 survivors (8192K)
 Metaspace       used 45240K, capacity 46332K, committed 46640K, reserved 1089536K
  class space    used 5271K, capacity 5706K, committed 5760K, reserved 1048576K
}
Event: 9.446 GC heap after
{Heap after GC invocations=10 (full 0):
 garbage-first heap   total 196608K, used 20441K [0x0000000760000000, 0x0000000800000000)
  region size 1024K, 11 young (11264K), 11 survivors (11264K)
 Metaspace       used 45240K, capacity 46332K, committed 46640K, reserved 1089536K
  class space    used 5271K, capacity 5706K, committed 5760K, reserved 1048576K
}
Event: 11.861 GC heap before
{Heap before GC invocations=10 (full 0):
 garbage-first heap   total 196608K, used 126937K [0x0000000760000000, 0x0000000800000000)
  region size 1024K, 115 young (117760K), 11 survivors (11264K)
 Metaspace       used 56375K, capacity 57497K, committed 57648K, reserved 1099776K
  class space    used 7025K, capacity 7480K, committed 7552K, reserved 1048576K
}
Event: 11.881 GC heap after
{Heap after GC invocations=11 (full 0):
 garbage-first heap   total 196608K, used 22629K [0x0000000760000000, 0x0000000800000000)
  region size 1024K, 8 young (8192K), 8 survivors (8192K)
 Metaspace       used 56375K, capacity 57497K, committed 57648K, reserved 1099776K
  class space    used 7025K, capacity 7480K, committed 7552K, reserved 1048576K
}
Event: 12.561 GC heap before
{Heap before GC invocations=11 (full 0):
 garbage-first heap   total 196608K, used 51301K [0x0000000760000000, 0x0000000800000000)
  region size 1024K, 37 young (37888K), 8 survivors (8192K)
 Metaspace       used 58923K, capacity 60096K, committed 60240K, reserved 1101824K
  class space    used 7375K, capacity 7851K, committed 7936K, reserved 1048576K
}
Event: 12.578 GC heap after
{Heap after GC invocations=12 (full 0):
 garbage-first heap   total 236544K, used 22629K [0x0000000760000000, 0x0000000800000000)
  region size 1024K, 8 young (8192K), 8 survivors (8192K)
 Metaspace       used 58923K, capacity 60096K, committed 60240K, reserved 1101824K
  class space    used 7375K, capacity 7851K, committed 7936K, reserved 1048576K
}
Event: 15.075 GC heap before
{Heap before GC invocations=13 (full 0):
 garbage-first heap   total 236544K, used 141413K [0x0000000760000000, 0x0000000800000000)
  region size 1024K, 124 young (126976K), 8 survivors (8192K)
 Metaspace       used 65724K, capacity 67222K, committed 67280K, reserved 1107968K
  class space    used 8217K, capacity 8807K, committed 8832K, reserved 1048576K
}
Event: 15.098 GC heap after
{Heap after GC invocations=14 (full 0):
 garbage-first heap   total 236544K, used 28118K [0x0000000760000000, 0x0000000800000000)
  region size 1024K, 14 young (14336K), 14 survivors (14336K)
 Metaspace       used 65724K, capacity 67222K, committed 67280K, reserved 1107968K
  class space    used 8217K, capacity 8807K, committed 8832K, reserved 1048576K
}
Event: 17.493 GC heap before
{Heap before GC invocations=14 (full 0):
 garbage-first heap   total 236544K, used 152022K [0x0000000760000000, 0x0000000800000000)
  region size 1024K, 135 young (138240K), 14 survivors (14336K)
 Metaspace       used 70947K, capacity 72613K, committed 72784K, reserved 1112064K
  class space    used 8940K, capacity 9625K, committed 9728K, reserved 1048576K
}
Event: 17.524 GC heap after
{Heap after GC invocations=15 (full 0):
 garbage-first heap   total 236544K, used 34037K [0x0000000760000000, 0x0000000800000000)
  region size 1024K, 14 young (14336K), 14 survivors (14336K)
 Metaspace       used 70947K, capacity 72613K, committed 72784K, reserved 1112064K
  class space    used 8940K, capacity 9625K, committed 9728K, reserved 1048576K
}
Event: 19.057 GC heap before
{Heap before GC invocations=15 (full 0):
 garbage-first heap   total 236544K, used 163061K [0x0000000760000000, 0x0000000800000000)
  region size 1024K, 138 young (141312K), 14 survivors (14336K)
 Metaspace       used 72883K, capacity 74609K, committed 74704K, reserved 1114112K
  class space    used 9118K, capacity 9813K, committed 9856K, reserved 1048576K
}
Event: 19.100 GC heap after
{Heap after GC invocations=16 (full 0):
 garbage-first heap   total 236544K, used 47104K [0x0000000760000000, 0x0000000800000000)
  region size 1024K, 18 young (18432K), 18 survivors (18432K)
 Metaspace       used 72883K, capacity 74609K, committed 74704K, reserved 1114112K
  class space    used 9118K, capacity 9813K, committed 9856K, reserved 1048576K
}
Event: 20.518 GC heap before
{Heap before GC invocations=16 (full 0):
 garbage-first heap   total 236544K, used 169984K [0x0000000760000000, 0x0000000800000000)
  region size 1024K, 138 young (141312K), 18 survivors (18432K)
 Metaspace       used 74208K, capacity 75990K, committed 76112K, reserved 1116160K
  class space    used 9241K, capacity 9964K, committed 9984K, reserved 1048576K
}

Deoptimization events (20 events):
Event: 20.516 Thread 0x000001545be31000 DEOPT PACKING pc=0x000001546c1b4274 sp=0x00000052dd3fcd10
Event: 20.516 Thread 0x000001545be31000 DEOPT UNPACKING pc=0x00000154645ca93f sp=0x00000052dd3fc188 mode 1
Event: 20.516 Thread 0x000001545be31000 DEOPT PACKING pc=0x0000015465761c84 sp=0x00000052dd3fcd50
Event: 20.516 Thread 0x000001545be31000 DEOPT UNPACKING pc=0x00000154645ca93f sp=0x00000052dd3fc2a0 mode 1
Event: 20.516 Thread 0x000001545be31000 DEOPT PACKING pc=0x0000015464f37694 sp=0x00000052dd3fcd60
Event: 20.516 Thread 0x000001545be31000 DEOPT UNPACKING pc=0x00000154645ca93f sp=0x00000052dd3fc230 mode 1
Event: 20.516 Thread 0x000001545be31000 DEOPT PACKING pc=0x000001546c1b4274 sp=0x00000052dd3fce20
Event: 20.516 Thread 0x000001545be31000 DEOPT UNPACKING pc=0x00000154645ca93f sp=0x00000052dd3fc298 mode 1
Event: 20.516 Thread 0x000001545be31000 DEOPT PACKING pc=0x000001546574befc sp=0x00000052dd3fce60
Event: 20.516 Thread 0x000001545be31000 DEOPT UNPACKING pc=0x00000154645ca93f sp=0x00000052dd3fc3f0 mode 1
Event: 20.517 Thread 0x000001545be31000 DEOPT PACKING pc=0x000001546c1b4274 sp=0x00000052dd3fcdf0
Event: 20.517 Thread 0x000001545be31000 DEOPT UNPACKING pc=0x00000154645ca93f sp=0x00000052dd3fc268 mode 1
Event: 20.517 Thread 0x000001545be31000 DEOPT PACKING pc=0x0000015465761c84 sp=0x00000052dd3fce30
Event: 20.517 Thread 0x000001545be31000 DEOPT UNPACKING pc=0x00000154645ca93f sp=0x00000052dd3fc380 mode 1
Event: 20.517 Thread 0x000001545be31000 DEOPT PACKING pc=0x0000015464f37694 sp=0x00000052dd3fce40
Event: 20.517 Thread 0x000001545be31000 DEOPT UNPACKING pc=0x00000154645ca93f sp=0x00000052dd3fc310 mode 1
Event: 20.517 Thread 0x000001545be31000 DEOPT PACKING pc=0x000001546c1b4274 sp=0x00000052dd3fce20
Event: 20.517 Thread 0x000001545be31000 DEOPT UNPACKING pc=0x00000154645ca93f sp=0x00000052dd3fc298 mode 1
Event: 20.517 Thread 0x000001545be31000 DEOPT PACKING pc=0x000001546574befc sp=0x00000052dd3fce60
Event: 20.517 Thread 0x000001545be31000 DEOPT UNPACKING pc=0x00000154645ca93f sp=0x00000052dd3fc3f0 mode 1

Classes redefined (0 events):
No events

Internal exceptions (20 events):
Event: 20.470 Thread 0x000001545be31000 Exception <a 'java/lang/ClassNotFoundException'{0x000000076711d898}: org/springframework/jdbc/core/namedparam/NamedParameterJdbcTemplateCustomizer> (0x000000076711d898) thrown at [./src/hotspot/share/classfile/systemDictionary.cpp, line 230]
Event: 20.472 Thread 0x000001545be31000 Exception <a 'java/lang/ClassNotFoundException'{0x0000000767172d40}: org/springframework/jdbc/core/namedparam/NamedParameterJdbcOperationsCustomizer> (0x0000000767172d40) thrown at [./src/hotspot/share/classfile/systemDictionary.cpp, line 230]
Event: 20.477 Thread 0x000001545be31000 Exception <a 'java/lang/ClassNotFoundException'{0x000000076700bf10}: java/lang/ObjectCustomizer> (0x000000076700bf10) thrown at [./src/hotspot/share/classfile/systemDictionary.cpp, line 230]
Event: 20.478 Thread 0x000001545be31000 Exception <a 'java/lang/ClassNotFoundException'{0x000000076702bf18}: org/springframework/boot/autoconfigure/jdbc/JdbcTemplateAutoConfigurationCustomizer> (0x000000076702bf18) thrown at [./src/hotspot/share/classfile/systemDictionary.cpp, line 230]
Event: 20.479 Thread 0x000001545be31000 Exception <a 'java/lang/ClassNotFoundException'{0x0000000767033260}: java/lang/ObjectCustomizer> (0x0000000767033260) thrown at [./src/hotspot/share/classfile/systemDictionary.cpp, line 230]
Event: 20.481 Thread 0x000001545be31000 Exception <a 'java/lang/ClassNotFoundException'{0x000000076705d9d8}: org/springframework/boot/autoconfigure/security/servlet/SpringBootWebSecurityConfiguration$ErrorPageSecurityFilterConfigurationCustomizer> (0x000000076705d9d8) thrown at [./src/hotspot/share/classfile/systemDictionary.cpp, line 230]
Event: 20.486 Thread 0x000001545be31000 Exception <a 'java/lang/ClassNotFoundException'{0x000000076706fe90}: java/lang/ObjectCustomizer> (0x000000076706fe90) thrown at [./src/hotspot/share/classfile/systemDictionary.cpp, line 230]
Event: 20.487 Thread 0x000001545be31000 Exception <a 'java/lang/ClassNotFoundException'{0x0000000767093568}: org/springframework/boot/autoconfigure/security/servlet/SpringBootWebSecurityConfigurationCustomizer> (0x0000000767093568) thrown at [./src/hotspot/share/classfile/systemDictionary.cpp, line 230]
Event: 20.489 Thread 0x000001545be31000 Exception <a 'java/lang/ClassNotFoundException'{0x000000076709ac70}: java/lang/ObjectCustomizer> (0x000000076709ac70) thrown at [./src/hotspot/share/classfile/systemDictionary.cpp, line 230]
Event: 20.490 Thread 0x000001545be31000 Exception <a 'java/lang/ClassNotFoundException'{0x00000007670b9258}: org/springframework/boot/autoconfigure/security/SecurityPropertiesCustomizer> (0x00000007670b9258) thrown at [./src/hotspot/share/classfile/systemDictionary.cpp, line 230]
Event: 20.497 Thread 0x000001545be31000 Exception <a 'java/lang/ClassNotFoundException'{0x00000007670cc7c0}: java/lang/ObjectCustomizer> (0x00000007670cc7c0) thrown at [./src/hotspot/share/classfile/systemDictionary.cpp, line 230]
Event: 20.499 Thread 0x000001545be31000 Exception <a 'java/lang/ClassNotFoundException'{0x00000007670eec98}: org/springframework/boot/autoconfigure/security/servlet/SecurityFilterAutoConfigurationCustomizer> (0x00000007670eec98) thrown at [./src/hotspot/share/classfile/systemDictionary.cpp, line 230]
Event: 20.504 Thread 0x000001545be31000 Exception <a 'java/lang/ClassNotFoundException'{0x0000000766f118e0}: java/lang/ObjectCustomizer> (0x0000000766f118e0) thrown at [./src/hotspot/share/classfile/systemDictionary.cpp, line 230]
Event: 20.505 Thread 0x000001545be31000 Exception <a 'java/lang/ClassNotFoundException'{0x0000000766f2dbe0}: org/springframework/boot/web/servlet/RegistrationBeanCustomizer> (0x0000000766f2dbe0) thrown at [./src/hotspot/share/classfile/systemDictionary.cpp, line 230]
Event: 20.506 Thread 0x000001545be31000 Exception <a 'java/lang/ClassNotFoundException'{0x0000000766f4b3b8}: org/springframework/boot/web/servlet/DynamicRegistrationBeanCustomizer> (0x0000000766f4b3b8) thrown at [./src/hotspot/share/classfile/systemDictionary.cpp, line 230]
Event: 20.508 Thread 0x000001545be31000 Exception <a 'java/lang/ClassNotFoundException'{0x0000000766f6b520}: org/springframework/boot/web/servlet/AbstractFilterRegistrationBeanCustomizer> (0x0000000766f6b520) thrown at [./src/hotspot/share/classfile/systemDictionary.cpp, line 230]
Event: 20.509 Thread 0x000001545be31000 Exception <a 'java/lang/ClassNotFoundException'{0x0000000766f972a8}: org/springframework/boot/web/servlet/DelegatingFilterProxyRegistrationBeanCustomizer> (0x0000000766f972a8) thrown at [./src/hotspot/share/classfile/systemDictionary.cpp, line 230]
Event: 20.511 Thread 0x000001545be31000 Exception <a 'java/lang/ClassNotFoundException'{0x0000000766fc3028}: org/springframework/context/ApplicationContextAwareCustomizer> (0x0000000766fc3028) thrown at [./src/hotspot/share/classfile/systemDictionary.cpp, line 230]
Event: 20.516 Thread 0x000001545be31000 Exception <a 'java/lang/ClassNotFoundException'{0x0000000766fd9950}: org/springframework/beans/factory/AwareCustomizer> (0x0000000766fd9950) thrown at [./src/hotspot/share/classfile/systemDictionary.cpp, line 230]
Event: 20.517 Thread 0x000001545be31000 Exception <a 'java/lang/ClassNotFoundException'{0x0000000766ff3ce0}: org/springframework/boot/web/servlet/ServletContextInitializerCustomizer> (0x0000000766ff3ce0) thrown at [./src/hotspot/share/classfile/systemDictionary.cpp, line 230]

Events (20 events):
Event: 20.511 loading class org/springframework/context/ApplicationContextAwareCustomizer done
Event: 20.511 loading class org/springframework/context/ApplicationContextAwareCustomizer
Event: 20.511 loading class org/springframework/context/ApplicationContextAwareCustomizer done
Event: 20.511 loading class org/springframework/beans/factory/AwareCustomizer
Event: 20.511 loading class org/springframework/beans/factory/AwareCustomizer done
Event: 20.515 loading class org/springframework/beans/factory/AwareCustomizer
Event: 20.515 loading class org/springframework/beans/factory/AwareCustomizer done
Event: 20.516 loading class org/springframework/beans/factory/AwareCustomizer
Event: 20.516 loading class org/springframework/beans/factory/AwareCustomizer done
Event: 20.516 loading class org/springframework/boot/web/servlet/ServletContextInitializerCustomizer
Event: 20.516 loading class org/springframework/boot/web/servlet/ServletContextInitializerCustomizer done
Event: 20.516 loading class org/springframework/boot/web/servlet/ServletContextInitializerCustomizer
Event: 20.516 loading class org/springframework/boot/web/servlet/ServletContextInitializerCustomizer done
Event: 20.517 loading class org/springframework/boot/web/servlet/ServletContextInitializerCustomizer
Event: 20.517 loading class org/springframework/boot/web/servlet/ServletContextInitializerCustomizer done
Event: 20.517 loading class org/springframework/core/OrderedCustomizer
Event: 20.517 loading class org/springframework/core/OrderedCustomizer done
Event: 20.517 loading class org/springframework/core/OrderedCustomizer
Event: 20.517 loading class org/springframework/core/OrderedCustomizer done
Event: 20.518 Executing VM operation: G1CollectForAllocation


Dynamic libraries:
0x00007ff63a1c0000 - 0x00007ff63a1cd000 	C:\Users\Cecilia\.jdks\corretto-11.0.16.1\bin\java.exe
0x00007ff8a2770000 - 0x00007ff8a2968000 	C:\Windows\SYSTEM32\ntdll.dll
0x00007ff8a07f0000 - 0x00007ff8a08ad000 	C:\Windows\System32\KERNEL32.DLL
0x00007ff89fe90000 - 0x00007ff8a015e000 	C:\Windows\System32\KERNELBASE.dll
0x00007ff8a0480000 - 0x00007ff8a0580000 	C:\Windows\System32\ucrtbase.dll
0x00007ff89b980000 - 0x00007ff89b997000 	C:\Users\Cecilia\.jdks\corretto-11.0.16.1\bin\jli.dll
0x00007ff8a17f0000 - 0x00007ff8a1990000 	C:\Windows\System32\USER32.dll
0x00007ff8a0450000 - 0x00007ff8a0472000 	C:\Windows\System32\win32u.dll
0x00007ff8a17c0000 - 0x00007ff8a17ea000 	C:\Windows\System32\GDI32.dll
0x00007ff8a02d0000 - 0x00007ff8a03db000 	C:\Windows\System32\gdi32full.dll
0x00007ff8a05d0000 - 0x00007ff8a066d000 	C:\Windows\System32\msvcp_win.dll
0x00007ff89b890000 - 0x00007ff89b8a9000 	C:\Users\Cecilia\.jdks\corretto-11.0.16.1\bin\VCRUNTIME140.dll
0x00007ff894f30000 - 0x00007ff8951ca000 	C:\Windows\WinSxS\amd64_microsoft.windows.common-controls_6595b64144ccf1df_6.0.19041.1110_none_60b5254171f9507e\COMCTL32.dll
0x00007ff8a1e20000 - 0x00007ff8a1ebe000 	C:\Windows\System32\msvcrt.dll
0x00007ff8a14a0000 - 0x00007ff8a14d0000 	C:\Windows\System32\IMM32.DLL
0x00007ff87ae90000 - 0x00007ff87af2b000 	C:\Users\Cecilia\.jdks\corretto-11.0.16.1\bin\msvcp140.dll
0x00007ff84b9d0000 - 0x00007ff84c554000 	C:\Users\Cecilia\.jdks\corretto-11.0.16.1\bin\server\jvm.dll
0x00007ff8a1660000 - 0x00007ff8a170e000 	C:\Windows\System32\ADVAPI32.dll
0x00007ff8a2630000 - 0x00007ff8a26cc000 	C:\Windows\System32\sechost.dll
0x00007ff8a14d0000 - 0x00007ff8a15f5000 	C:\Windows\System32\RPCRT4.dll
0x00007ff8a1e10000 - 0x00007ff8a1e18000 	C:\Windows\System32\PSAPI.DLL
0x00007ff89b930000 - 0x00007ff89b939000 	C:\Windows\SYSTEM32\WSOCK32.dll
0x00007ff8a1ec0000 - 0x00007ff8a1f2b000 	C:\Windows\System32\WS2_32.dll
0x00007ff896b00000 - 0x00007ff896b27000 	C:\Windows\SYSTEM32\WINMM.dll
0x00007ff89a410000 - 0x00007ff89a41a000 	C:\Windows\SYSTEM32\VERSION.dll
0x00007ff89dd60000 - 0x00007ff89dd72000 	C:\Windows\SYSTEM32\kernel.appcore.dll
0x00007ff89b860000 - 0x00007ff89b870000 	C:\Users\Cecilia\.jdks\corretto-11.0.16.1\bin\verify.dll
0x00007ff892f70000 - 0x00007ff893154000 	C:\Windows\SYSTEM32\DBGHELP.DLL
0x00007ff892f00000 - 0x00007ff892f2c000 	C:\Windows\SYSTEM32\dbgcore.DLL
0x00007ff8a0240000 - 0x00007ff8a02c2000 	C:\Windows\System32\bcryptPrimitives.dll
0x00007ff892390000 - 0x00007ff8923b8000 	C:\Users\Cecilia\.jdks\corretto-11.0.16.1\bin\java.dll
0x00007ff8923e0000 - 0x00007ff8923ea000 	C:\Users\Cecilia\.jdks\corretto-11.0.16.1\bin\jimage.dll
0x00007ff88da60000 - 0x00007ff88da98000 	C:\Users\Cecilia\.jdks\corretto-11.0.16.1\bin\jdwp.dll
0x00007ff88da50000 - 0x00007ff88da5e000 	C:\Users\Cecilia\.jdks\corretto-11.0.16.1\bin\instrument.dll
0x00007ff892370000 - 0x00007ff892388000 	C:\Users\Cecilia\.jdks\corretto-11.0.16.1\bin\zip.dll
0x00007ff8a0ca0000 - 0x00007ff8a13e3000 	C:\Windows\System32\SHELL32.dll
0x00007ff89df60000 - 0x00007ff89e6f5000 	C:\Windows\SYSTEM32\windows.storage.dll
0x00007ff8a1990000 - 0x00007ff8a1ce4000 	C:\Windows\System32\combase.dll
0x00007ff89f810000 - 0x00007ff89f840000 	C:\Windows\SYSTEM32\Wldp.dll
0x00007ff8a1710000 - 0x00007ff8a17bd000 	C:\Windows\System32\SHCORE.dll
0x00007ff8a25d0000 - 0x00007ff8a2625000 	C:\Windows\System32\shlwapi.dll
0x00007ff89fdd0000 - 0x00007ff89fdef000 	C:\Windows\SYSTEM32\profapi.dll
0x00007ff88da40000 - 0x00007ff88da4a000 	C:\Users\Cecilia\.jdks\corretto-11.0.16.1\bin\dt_socket.dll
0x00007ff89f5f0000 - 0x00007ff89f65a000 	C:\Windows\system32\mswsock.dll
0x00007ff88d9b0000 - 0x00007ff88d9c9000 	C:\Users\Cecilia\.jdks\corretto-11.0.16.1\bin\net.dll
0x00007ff896270000 - 0x00007ff89637a000 	C:\Windows\SYSTEM32\WINHTTP.dll
0x00007ff88ca40000 - 0x00007ff88ca53000 	C:\Users\Cecilia\.jdks\corretto-11.0.16.1\bin\nio.dll
0x00007ff88da30000 - 0x00007ff88da39000 	C:\Users\Cecilia\.jdks\corretto-11.0.16.1\bin\management.dll
0x00007ff88d970000 - 0x00007ff88d97b000 	C:\Users\Cecilia\.jdks\corretto-11.0.16.1\bin\management_ext.dll
0x00007ff886220000 - 0x00007ff886237000 	C:\Windows\system32\napinsp.dll
0x00007ff886200000 - 0x00007ff88621b000 	C:\Windows\system32\pnrpnsp.dll
0x00007ff89f300000 - 0x00007ff89f3ca000 	C:\Windows\SYSTEM32\DNSAPI.dll
0x00007ff89f2b0000 - 0x00007ff89f2eb000 	C:\Windows\SYSTEM32\IPHLPAPI.DLL
0x00007ff8a25c0000 - 0x00007ff8a25c8000 	C:\Windows\System32\NSI.dll
0x00007ff89b810000 - 0x00007ff89b82d000 	C:\Windows\system32\NLAapi.dll
0x00007ff8861e0000 - 0x00007ff8861f2000 	C:\Windows\System32\winrnr.dll
0x00007ff8861c0000 - 0x00007ff8861d5000 	C:\Windows\system32\wshbth.dll
0x00007ff896470000 - 0x00007ff89647a000 	C:\Windows\System32\rasadhlp.dll
0x00007ff895bc0000 - 0x00007ff895c40000 	C:\Windows\System32\fwpuclnt.dll
0x00007ff8a0210000 - 0x00007ff8a0237000 	C:\Windows\System32\bcrypt.dll
0x00007ff89fb50000 - 0x00007ff89fb68000 	C:\Windows\SYSTEM32\CRYPTSP.dll
0x00007ff89ef20000 - 0x00007ff89ef54000 	C:\Windows\system32\rsaenh.dll
0x00007ff89fd50000 - 0x00007ff89fd7e000 	C:\Windows\SYSTEM32\USERENV.dll
0x00007ff89f780000 - 0x00007ff89f78c000 	C:\Windows\SYSTEM32\CRYPTBASE.dll
0x00007ff89a3f0000 - 0x00007ff89a407000 	C:\Windows\SYSTEM32\dhcpcsvc6.DLL
0x00007ff897e60000 - 0x00007ff897e7d000 	C:\Windows\SYSTEM32\dhcpcsvc.DLL

dbghelp: loaded successfully - version: 4.0.5 - missing functions: none
symbol engine: initialized successfully - sym options: 0x614 - pdb path: .;C:\Users\Cecilia\.jdks\corretto-11.0.16.1\bin;C:\Windows\SYSTEM32;C:\Windows\WinSxS\amd64_microsoft.windows.common-controls_6595b64144ccf1df_6.0.19041.1110_none_60b5254171f9507e;C:\Users\Cecilia\.jdks\corretto-11.0.16.1\bin\server

VM Arguments:
jvm_args: -agentlib:jdwp=transport=dt_socket,address=127.0.0.1:61958,suspend=y,server=n -ea -Didea.test.cyclic.buffer.size=1048576 -javaagent:C:\Users\Cecilia\AppData\Local\JetBrains\IdeaIC2022.2\captureAgent\debugger-agent.jar -Dfile.encoding=UTF-8 
java_command: com.intellij.rt.junit.JUnitStarter -ideVersion5 -junit4 equipo10.integrador_v01.UsuarioServiceTest,cListarUsuarioTest
java_class_path (initial): C:\Program Files\JetBrains\IntelliJ IDEA Community Edition 2022.2.1\lib\idea_rt.jar;C:\Program Files\JetBrains\IntelliJ IDEA Community Edition 2022.2.1\plugins\junit\lib\junit5-rt.jar;C:\Program Files\JetBrains\IntelliJ IDEA Community Edition 2022.2.1\plugins\junit\lib\junit-rt.jar;C:\Users\Cecilia\Desktop\dh\grupo-10\integrador_v0.1\target\test-classes;C:\Users\Cecilia\Desktop\dh\grupo-10\integrador_v0.1\target\classes;C:\Users\Cecilia\.m2\repository\mysql\mysql-connector-java\8.0.29\mysql-connector-java-8.0.29.jar;C:\Users\Cecilia\.m2\repository\org\springframework\boot\spring-boot-starter-validation\2.7.2\spring-boot-starter-validation-2.7.2.jar;C:\Users\Cecilia\.m2\repository\org\springframework\boot\spring-boot-starter\2.7.2\spring-boot-starter-2.7.2.jar;C:\Users\Cecilia\.m2\repository\org\springframework\boot\spring-boot\2.7.2\spring-boot-2.7.2.jar;C:\Users\Cecilia\.m2\repository\org\springframework\spring-core\5.3.22\spring-core-5.3.22.jar;C:\Users\Cecilia\.m2\repository\org\springframework\spring-jcl\5.3.22\spring-jcl-5.3.22.jar;C:\Users\Cecilia\.m2\repository\org\springframework\spring-context\5.3.22\spring-context-5.3.22.jar;C:\Users\Cecilia\.m2\repository\org\springframework\spring-aop\5.3.22\spring-aop-5.3.22.jar;C:\Users\Cecilia\.m2\repository\org\springframework\spring-beans\5.3.22\spring-beans-5.3.22.jar;C:\Users\Cecilia\.m2\repository\org\springframework\spring-expression\5.3.22\spring-expression-5.3.22.jar;C:\Users\Cecilia\.m2\repository\org\springframework\boot\spring-boot-autoconfigure\2.7.2\spring-boot-autoconfigure-2.7.2.jar;C:\Users\Cecilia\.m2\repository\org\springframework\boot\spring-boot-starter-logging\2.7.2\spring-boot-starter-logging-2.7.2.jar;C:\Users\Cecilia\.m2\repository\ch\qos\logback\logback-classic\1.2.11\logback-classic-1.2.11.jar;C:\Users\Cecilia\.m2\repository\ch\qos\logback\logback-core\1.2.11\logback-core-1.2.11.jar;C:\Users\Cecilia\.m2\repository\org\slf4j\slf4j-api\1.7.36\slf4j-api-1.7.36.jar;C:
Launcher Type: SUN_STANDARD

[Global flags]
     intx CICompilerCount                          = 3                                         {product} {ergonomic}
     uint ConcGCThreads                            = 1                                         {product} {ergonomic}
     uint G1ConcRefinementThreads                  = 4                                         {product} {ergonomic}
   size_t G1HeapRegionSize                         = 1048576                                   {product} {ergonomic}
    uintx GCDrainStackTargetSize                   = 64                                        {product} {ergonomic}
   size_t InitialHeapSize                          = 167772160                                 {product} {ergonomic}
   size_t MarkStackSize                            = 4194304                                   {product} {ergonomic}
   size_t MaxHeapSize                              = 2684354560                                {product} {ergonomic}
   size_t MaxNewSize                               = 1610612736                                {product} {ergonomic}
   size_t MinHeapDeltaBytes                        = 1048576                                   {product} {ergonomic}
    uintx NonNMethodCodeHeapSize                   = 5830732                                {pd product} {ergonomic}
    uintx NonProfiledCodeHeapSize                  = 122913754                              {pd product} {ergonomic}
    uintx ProfiledCodeHeapSize                     = 122913754                              {pd product} {ergonomic}
    uintx ReservedCodeCacheSize                    = 251658240                              {pd product} {ergonomic}
     bool SegmentedCodeCache                       = true                                      {product} {ergonomic}
     bool UseCompressedClassPointers               = true                                 {lp64_product} {ergonomic}
     bool UseCompressedOops                        = true                                 {lp64_product} {ergonomic}
     bool UseG1GC                                  = true                                      {product} {ergonomic}
     bool UseLargePagesIndividualAllocation        = false                                  {pd product} {ergonomic}

Logging:
Log output configuration:
 #0: stdout all=warning uptime,level,tags
 #1: stderr all=off uptime,level,tags

Environment Variables:
PATH=C:\Program Files (x86)\Common Files\Oracle\Java\javapath;C:\Windows\system32;C:\Windows;C:\Windows\System32\Wbem;C:\Windows\System32\WindowsPowerShell\v1.0\;C:\Windows\System32\OpenSSH\;C:\Program Files\Git\cmd;C:\Program Files\nodejs\;C:\Program Files\Docker\Docker\resources\bin;C:\ProgramData\DockerDesktop\version-bin;C:\Program Files\Amazon\AWSCLI\bin\;C:\Program Files (x86)\apache-maven-3.8.6\bin;C:\Users\Cecilia\AppData\Local\Microsoft\WindowsApps;;C:\Users\Cecilia\AppData\Local\Programs\Microsoft VS Code\bin;C:\Users\Cecilia\AppData\Roaming\npm
USERNAME=Cecilia
OS=Windows_NT
PROCESSOR_IDENTIFIER=AMD64 Family 16 Model 4 Stepping 3, AuthenticAMD
TMP=C:\Users\Cecilia\AppData\Local\Temp
TEMP=C:\Users\Cecilia\AppData\Local\Temp



---------------  S Y S T E M  ---------------

OS: Windows 10 , 64 bit Build 19041 (10.0.19041.1889)
OS uptime: 1 days 5:20 hours
Hyper-V role detected

CPU:total 4 (initial active 4) (4 cores per cpu, 1 threads per core) family 16 model 4 stepping 3 microcode 0x0, cmov, cx8, fxsr, mmx, sse, sse2, sse3, popcnt, mmxext, 3dnowpref, lzcnt, sse4a, tsc, tscinvbit, tscinv

Memory: 4k page, system-wide physical 10238M (2685M free)
TotalPageFile size 15150M (AvailPageFile size 40M)
current process WorkingSet (physical memory assigned to process): 454M, peak: 454M
current process commit charge ("private bytes"): 508M, peak: 553M

vm_info: OpenJDK 64-Bit Server VM (11.0.16.1+9-LTS) for windows-amd64 JRE (11.0.16.1+9-LTS), built on Aug 12 2022 20:01:58 by "Administrator" with MS VC++ 15.9 (VS2017)

END.
